<?xml version="1.0" encoding="UTF-8"?>
<testsuite name="test.day3" tests="2" skipped="0" failures="0" errors="0" timestamp="2019-11-28T05:21:59" hostname="Almass-MacBook-Pro.local" time="0.005">
  <properties/>
  <testcase name="LoginAPICarLoan" classname="test.day3" time="0.001"/>
  <testcase name="WebLoginLoan" classname="test.day3" time="0.0"/>
  <system-out><![CDATA[databaselogin
weblogincar
]]></system-out>
  <system-err><![CDATA[]]></system-err>
</testsuite>
