<?xml version="1.0" encoding="UTF-8"?>
<testsuite name="TestNG" tests="2" skipped="0" failures="0" errors="0" timestamp="2019-11-27T19:34:34" hostname="Almass-MacBook-Pro.local" time="0.009">
  <properties/>
  <testcase name="Demo" classname="TestNG" time="0.007"/>
  <testcase name="SecondTest" classname="TestNG" time="0.0"/>
  <system-out><![CDATA[hello
bye
]]></system-out>
  <system-err><![CDATA[]]></system-err>
</testsuite>
